{"level":"info","message":"🚗 Smartcar API running on port 3000","timestamp":"2025-09-09T18:09:05.009Z"}
{"level":"info","message":"Fetching vehicle info for id=1235","timestamp":"2025-09-09T18:09:22.169Z"}
{"level":"info","message":"Fetching vehicle info for id=1234","timestamp":"2025-09-09T18:09:28.191Z"}
{"level":"info","message":"Received engine action request for id=1234, action=STOP","timestamp":"2025-09-09T18:09:33.542Z"}
{"level":"info","message":"Engine action EXECUTED successfully for id=1234","timestamp":"2025-09-09T18:09:33.986Z"}
{"level":"info","message":"Fetching vehicle info for id=1234","timestamp":"2025-09-09T19:29:45.748Z"}
{"level":"info","message":"Fetching vehicle info for id=1234","timestamp":"2025-09-09T19:29:45.754Z"}
{"level":"warn","message":"MM API error for vehicle id=1234, status=500","timestamp":"2025-09-09T19:29:45.755Z"}
{"level":"info","message":"Fetching vehicle info for id=1234","timestamp":"2025-09-09T19:29:45.756Z"}
{"level":"error","message":"Incomplete vehicle data for id=1234","timestamp":"2025-09-09T19:29:45.756Z"}
{"level":"info","message":"Fetching vehicle info for id=1234","timestamp":"2025-09-09T19:29:45.758Z"}
{"level":"info","message":"Fetching vehicle info for id=1234","timestamp":"2025-09-09T19:29:45.759Z"}
{"level":"warn","message":"MM API error for vehicle id=1234, status=500","timestamp":"2025-09-09T19:29:45.760Z"}
{"level":"info","message":"Fetching vehicle info for id=1234","timestamp":"2025-09-09T19:29:45.762Z"}
{"level":"error","message":"Invalid doors data format from MM API for id=1234","timestamp":"2025-09-09T19:29:45.763Z"}
{"level":"info","message":"Fetching vehicle info for id=1234","timestamp":"2025-09-09T19:29:45.764Z"}
{"level":"info","message":"Fetching vehicle info for id=1234","timestamp":"2025-09-09T19:29:45.765Z"}
{"level":"warn","message":"MM API error for vehicle id=1234, status=500","timestamp":"2025-09-09T19:29:45.765Z"}
{"level":"info","message":"Fetching vehicle info for id=1234","timestamp":"2025-09-09T19:29:45.767Z"}
{"level":"warn","message":"Fuel data missing or malformed for id=1234","timestamp":"2025-09-09T19:29:45.767Z"}
{"level":"info","message":"Fetching vehicle info for id=1234","timestamp":"2025-09-09T19:29:45.769Z"}
{"level":"info","message":"Fetching vehicle info for id=1234","timestamp":"2025-09-09T19:29:45.770Z"}
{"level":"warn","message":"MM API error for vehicle id=1234, status=500","timestamp":"2025-09-09T19:29:45.770Z"}
{"level":"info","message":"Fetching vehicle info for id=1234","timestamp":"2025-09-09T19:29:45.770Z"}
{"level":"warn","message":"Battery data missing or malformed for id=1234","timestamp":"2025-09-09T19:29:45.771Z"}
{"level":"info","message":"Received engine action request for id=1234, action=START","timestamp":"2025-09-09T19:29:45.776Z"}
{"level":"info","message":"Engine action EXECUTED successfully for id=1234","timestamp":"2025-09-09T19:29:45.776Z"}
{"level":"info","message":"Received engine action request for id=1234, action=STOP","timestamp":"2025-09-09T19:29:45.777Z"}
{"level":"info","message":"Engine action EXECUTED successfully for id=1234","timestamp":"2025-09-09T19:29:45.777Z"}
{"level":"info","message":"Received engine action request for id=1234, action=INVALID","timestamp":"2025-09-09T19:29:45.778Z"}
{"level":"warn","message":"Invalid action received for id=1234: INVALID","timestamp":"2025-09-09T19:29:45.778Z"}
{"level":"info","message":"Received engine action request for id=1234, action=START","timestamp":"2025-09-09T19:29:45.780Z"}
{"level":"error","message":"No response from MM API for postEngine id=1234","timestamp":"2025-09-09T19:29:45.780Z"}
{"level":"info","message":"Received engine action request for id=1234, action=START","timestamp":"2025-09-09T19:29:45.783Z"}
{"level":"info","message":"Received engine action request for id=1234, action=START","timestamp":"2025-09-09T19:29:45.784Z"}
{"level":"error","message":"Malformed actionResult from MM API for id=1234","status":"200","timestamp":"2025-09-09T19:29:45.784Z"}
{"level":"info","message":"Received engine action request for id=1234, action=START","timestamp":"2025-09-09T19:29:45.785Z"}
{"level":"warn","message":"Engine action FAILED for id=1234","timestamp":"2025-09-09T19:29:45.785Z"}
{"level":"info","message":"Received engine action request for id=1234, action=START","timestamp":"2025-09-09T19:29:45.785Z"}
{"level":"error","message":"Unexpected status from MM API for id=1234: UNKNOWN","timestamp":"2025-09-09T19:29:45.785Z"}
{"level":"info","message":"Fetching vehicle info for id=1234","timestamp":"2025-09-09T19:29:51.366Z"}
{"level":"info","message":"Fetching vehicle info for id=1234","timestamp":"2025-09-09T19:29:51.372Z"}
{"level":"warn","message":"MM API error for vehicle id=1234, status=500","timestamp":"2025-09-09T19:29:51.372Z"}
{"level":"info","message":"Fetching vehicle info for id=1234","timestamp":"2025-09-09T19:29:51.374Z"}
{"level":"error","message":"Incomplete vehicle data for id=1234","timestamp":"2025-09-09T19:29:51.374Z"}
{"level":"info","message":"Fetching vehicle info for id=1234","timestamp":"2025-09-09T19:29:51.375Z"}
{"level":"info","message":"Fetching vehicle info for id=1234","timestamp":"2025-09-09T19:29:51.377Z"}
{"level":"warn","message":"MM API error for vehicle id=1234, status=500","timestamp":"2025-09-09T19:29:51.377Z"}
{"level":"info","message":"Fetching vehicle info for id=1234","timestamp":"2025-09-09T19:29:51.379Z"}
{"level":"error","message":"Invalid doors data format from MM API for id=1234","timestamp":"2025-09-09T19:29:51.379Z"}
{"level":"info","message":"Fetching vehicle info for id=1234","timestamp":"2025-09-09T19:29:51.380Z"}
{"level":"info","message":"Fetching vehicle info for id=1234","timestamp":"2025-09-09T19:29:51.381Z"}
{"level":"warn","message":"MM API error for vehicle id=1234, status=500","timestamp":"2025-09-09T19:29:51.381Z"}
{"level":"info","message":"Fetching vehicle info for id=1234","timestamp":"2025-09-09T19:29:51.383Z"}
{"level":"warn","message":"Fuel data missing or malformed for id=1234","timestamp":"2025-09-09T19:29:51.383Z"}
{"level":"info","message":"Fetching vehicle info for id=1234","timestamp":"2025-09-09T19:29:51.385Z"}
{"level":"info","message":"Fetching vehicle info for id=1234","timestamp":"2025-09-09T19:29:51.386Z"}
{"level":"warn","message":"MM API error for vehicle id=1234, status=500","timestamp":"2025-09-09T19:29:51.386Z"}
{"level":"info","message":"Fetching vehicle info for id=1234","timestamp":"2025-09-09T19:29:51.386Z"}
{"level":"warn","message":"Battery data missing or malformed for id=1234","timestamp":"2025-09-09T19:29:51.387Z"}
{"level":"info","message":"Received engine action request for id=1234, action=START","timestamp":"2025-09-09T19:29:51.390Z"}
{"level":"info","message":"Engine action EXECUTED successfully for id=1234","timestamp":"2025-09-09T19:29:51.390Z"}
{"level":"info","message":"Received engine action request for id=1234, action=STOP","timestamp":"2025-09-09T19:29:51.391Z"}
{"level":"info","message":"Engine action EXECUTED successfully for id=1234","timestamp":"2025-09-09T19:29:51.391Z"}
{"level":"info","message":"Received engine action request for id=1234, action=INVALID","timestamp":"2025-09-09T19:29:51.391Z"}
{"level":"warn","message":"Invalid action received for id=1234: INVALID","timestamp":"2025-09-09T19:29:51.391Z"}
{"level":"info","message":"Received engine action request for id=1234, action=START","timestamp":"2025-09-09T19:29:51.392Z"}
{"level":"error","message":"No response from MM API for postEngine id=1234","timestamp":"2025-09-09T19:29:51.392Z"}
{"level":"info","message":"Received engine action request for id=1234, action=START","timestamp":"2025-09-09T19:29:51.393Z"}
{"level":"info","message":"Received engine action request for id=1234, action=START","timestamp":"2025-09-09T19:29:51.394Z"}
{"level":"error","message":"Malformed actionResult from MM API for id=1234","status":"200","timestamp":"2025-09-09T19:29:51.394Z"}
{"level":"info","message":"Received engine action request for id=1234, action=START","timestamp":"2025-09-09T19:29:51.395Z"}
{"level":"warn","message":"Engine action FAILED for id=1234","timestamp":"2025-09-09T19:29:51.395Z"}
{"level":"info","message":"Received engine action request for id=1234, action=START","timestamp":"2025-09-09T19:29:51.396Z"}
{"level":"error","message":"Unexpected status from MM API for id=1234: UNKNOWN","timestamp":"2025-09-09T19:29:51.396Z"}
{"level":"info","message":"🚗 Smartcar API running on port 4000","timestamp":"2025-09-09T19:57:02.667Z"}
{"level":"info","message":"Fetching vehicle info for id=1234","timestamp":"2025-09-09T19:57:13.043Z"}
{"level":"info","message":"Fetching vehicle info for id=1234","timestamp":"2025-09-09T19:57:13.048Z"}
{"level":"warn","message":"MM API error for vehicle id=1234, status=500","timestamp":"2025-09-09T19:57:13.049Z"}
{"level":"info","message":"Fetching vehicle info for id=1234","timestamp":"2025-09-09T19:57:13.050Z"}
{"level":"error","message":"Incomplete vehicle data for id=1234","timestamp":"2025-09-09T19:57:13.050Z"}
{"level":"info","message":"Fetching vehicle info for id=1234","timestamp":"2025-09-09T19:57:13.052Z"}
{"level":"info","message":"Fetching vehicle info for id=1234","timestamp":"2025-09-09T19:57:13.054Z"}
{"level":"warn","message":"MM API error for vehicle id=1234, status=500","timestamp":"2025-09-09T19:57:13.054Z"}
{"level":"info","message":"Fetching vehicle info for id=1234","timestamp":"2025-09-09T19:57:13.055Z"}
{"level":"error","message":"Invalid doors data format from MM API for id=1234","timestamp":"2025-09-09T19:57:13.056Z"}
{"level":"info","message":"Fetching vehicle info for id=1234","timestamp":"2025-09-09T19:57:13.057Z"}
{"level":"info","message":"Fetching vehicle info for id=1234","timestamp":"2025-09-09T19:57:13.057Z"}
{"level":"warn","message":"MM API error for vehicle id=1234, status=500","timestamp":"2025-09-09T19:57:13.058Z"}
{"level":"info","message":"Fetching vehicle info for id=1234","timestamp":"2025-09-09T19:57:13.059Z"}
{"level":"warn","message":"Fuel data missing or malformed for id=1234","timestamp":"2025-09-09T19:57:13.059Z"}
{"level":"info","message":"Fetching vehicle info for id=1234","timestamp":"2025-09-09T19:57:13.061Z"}
{"level":"info","message":"Fetching vehicle info for id=1234","timestamp":"2025-09-09T19:57:13.062Z"}
{"level":"warn","message":"MM API error for vehicle id=1234, status=500","timestamp":"2025-09-09T19:57:13.062Z"}
{"level":"info","message":"Fetching vehicle info for id=1234","timestamp":"2025-09-09T19:57:13.064Z"}
{"level":"warn","message":"Battery data missing or malformed for id=1234","timestamp":"2025-09-09T19:57:13.064Z"}
{"level":"info","message":"Received engine action request for id=1234, action=START","timestamp":"2025-09-09T19:57:13.069Z"}
{"level":"info","message":"Engine action EXECUTED successfully for id=1234","timestamp":"2025-09-09T19:57:13.069Z"}
{"level":"info","message":"Received engine action request for id=1234, action=STOP","timestamp":"2025-09-09T19:57:13.070Z"}
{"level":"info","message":"Engine action EXECUTED successfully for id=1234","timestamp":"2025-09-09T19:57:13.071Z"}
{"level":"info","message":"Received engine action request for id=1234, action=INVALID","timestamp":"2025-09-09T19:57:13.071Z"}
{"level":"warn","message":"Invalid action received for id=1234: INVALID","timestamp":"2025-09-09T19:57:13.071Z"}
{"level":"info","message":"Received engine action request for id=1234, action=START","timestamp":"2025-09-09T19:57:13.072Z"}
{"level":"error","message":"No response from MM API for postEngine id=1234","timestamp":"2025-09-09T19:57:13.072Z"}
{"level":"info","message":"Received engine action request for id=1234, action=START","timestamp":"2025-09-09T19:57:13.073Z"}
{"level":"info","message":"Received engine action request for id=1234, action=START","timestamp":"2025-09-09T19:57:13.074Z"}
{"level":"error","message":"Malformed actionResult from MM API for id=1234","status":"200","timestamp":"2025-09-09T19:57:13.074Z"}
{"level":"info","message":"Received engine action request for id=1234, action=START","timestamp":"2025-09-09T19:57:13.074Z"}
{"level":"warn","message":"Engine action FAILED for id=1234","timestamp":"2025-09-09T19:57:13.074Z"}
{"level":"info","message":"Received engine action request for id=1234, action=START","timestamp":"2025-09-09T19:57:13.075Z"}
{"level":"error","message":"Unexpected status from MM API for id=1234: UNKNOWN","timestamp":"2025-09-09T19:57:13.075Z"}
{"level":"info","message":"Fetching vehicle info for id=1234","timestamp":"2025-09-09T20:03:42.555Z"}
{"level":"info","message":"Fetching vehicle info for id=1234","timestamp":"2025-09-09T20:03:42.560Z"}
{"level":"warn","message":"MM API error for vehicle id=1234, status=500","timestamp":"2025-09-09T20:03:42.560Z"}
{"level":"info","message":"Fetching vehicle info for id=1234","timestamp":"2025-09-09T20:03:42.562Z"}
{"level":"error","message":"Incomplete vehicle data for id=1234","timestamp":"2025-09-09T20:03:42.562Z"}
{"level":"info","message":"Fetching vehicle info for id=1234","timestamp":"2025-09-09T20:03:42.564Z"}
{"level":"info","message":"Fetching vehicle info for id=1234","timestamp":"2025-09-09T20:03:42.565Z"}
{"level":"warn","message":"MM API error for vehicle id=1234, status=500","timestamp":"2025-09-09T20:03:42.565Z"}
{"level":"info","message":"Fetching vehicle info for id=1234","timestamp":"2025-09-09T20:03:42.566Z"}
{"level":"error","message":"Invalid doors data format from MM API for id=1234","timestamp":"2025-09-09T20:03:42.566Z"}
{"level":"info","message":"Fetching vehicle info for id=1234","timestamp":"2025-09-09T20:03:42.568Z"}
{"level":"info","message":"Fetching vehicle info for id=1234","timestamp":"2025-09-09T20:03:42.568Z"}
{"level":"warn","message":"MM API error for vehicle id=1234, status=500","timestamp":"2025-09-09T20:03:42.568Z"}
{"level":"info","message":"Fetching vehicle info for id=1234","timestamp":"2025-09-09T20:03:42.570Z"}
{"level":"warn","message":"Fuel data missing or malformed for id=1234","timestamp":"2025-09-09T20:03:42.570Z"}
{"level":"info","message":"Fetching vehicle info for id=1234","timestamp":"2025-09-09T20:03:42.573Z"}
{"level":"info","message":"Fetching vehicle info for id=1234","timestamp":"2025-09-09T20:03:42.574Z"}
{"level":"warn","message":"MM API error for vehicle id=1234, status=500","timestamp":"2025-09-09T20:03:42.574Z"}
{"level":"info","message":"Fetching vehicle info for id=1234","timestamp":"2025-09-09T20:03:42.574Z"}
{"level":"warn","message":"Battery data missing or malformed for id=1234","timestamp":"2025-09-09T20:03:42.575Z"}
{"level":"info","message":"Received engine action request for id=1234, action=START","timestamp":"2025-09-09T20:03:42.579Z"}
{"level":"info","message":"Engine action EXECUTED successfully for id=1234","timestamp":"2025-09-09T20:03:42.579Z"}
{"level":"info","message":"Received engine action request for id=1234, action=STOP","timestamp":"2025-09-09T20:03:42.580Z"}
{"level":"info","message":"Engine action EXECUTED successfully for id=1234","timestamp":"2025-09-09T20:03:42.581Z"}
{"level":"info","message":"Received engine action request for id=1234, action=INVALID","timestamp":"2025-09-09T20:03:42.581Z"}
{"level":"warn","message":"Invalid action received for id=1234: INVALID","timestamp":"2025-09-09T20:03:42.581Z"}
{"level":"info","message":"Received engine action request for id=1234, action=START","timestamp":"2025-09-09T20:03:42.582Z"}
{"level":"error","message":"No response from MM API for postEngine id=1234","timestamp":"2025-09-09T20:03:42.582Z"}
{"level":"info","message":"Received engine action request for id=1234, action=START","timestamp":"2025-09-09T20:03:42.583Z"}
{"level":"info","message":"Received engine action request for id=1234, action=START","timestamp":"2025-09-09T20:03:42.583Z"}
{"level":"error","message":"Malformed actionResult from MM API for id=1234","status":"200","timestamp":"2025-09-09T20:03:42.583Z"}
{"level":"info","message":"Received engine action request for id=1234, action=START","timestamp":"2025-09-09T20:03:42.584Z"}
{"level":"warn","message":"Engine action FAILED for id=1234","timestamp":"2025-09-09T20:03:42.584Z"}
{"level":"info","message":"Received engine action request for id=1234, action=START","timestamp":"2025-09-09T20:03:42.585Z"}
{"level":"error","message":"Unexpected status from MM API for id=1234: UNKNOWN","timestamp":"2025-09-09T20:03:42.585Z"}
{"level":"info","message":"🚗 Smartcar API running on port 3000","timestamp":"2025-09-09T20:03:51.180Z"}
{"level":"info","message":"Fetching vehicle info for id=1234","timestamp":"2025-09-09T20:03:57.934Z"}
{"level":"info","message":"Fetching vehicle info for id=1234","timestamp":"2025-09-09T20:04:13.868Z"}
