{"level":"error","message":"Incomplete vehicle data for id=1234","timestamp":"2025-09-09T19:29:45.756Z"}
{"level":"error","message":"Invalid doors data format from MM API for id=1234","timestamp":"2025-09-09T19:29:45.763Z"}
{"level":"error","message":"No response from MM API for postEngine id=1234","timestamp":"2025-09-09T19:29:45.780Z"}
{"level":"error","message":"Malformed actionResult from MM API for id=1234","status":"200","timestamp":"2025-09-09T19:29:45.784Z"}
{"level":"error","message":"Unexpected status from MM API for id=1234: UNKNOWN","timestamp":"2025-09-09T19:29:45.785Z"}
{"level":"error","message":"Incomplete vehicle data for id=1234","timestamp":"2025-09-09T19:29:51.374Z"}
{"level":"error","message":"Invalid doors data format from MM API for id=1234","timestamp":"2025-09-09T19:29:51.379Z"}
{"level":"error","message":"No response from MM API for postEngine id=1234","timestamp":"2025-09-09T19:29:51.392Z"}
{"level":"error","message":"Malformed actionResult from MM API for id=1234","status":"200","timestamp":"2025-09-09T19:29:51.394Z"}
{"level":"error","message":"Unexpected status from MM API for id=1234: UNKNOWN","timestamp":"2025-09-09T19:29:51.396Z"}
{"level":"error","message":"Incomplete vehicle data for id=1234","timestamp":"2025-09-09T19:57:13.050Z"}
{"level":"error","message":"Invalid doors data format from MM API for id=1234","timestamp":"2025-09-09T19:57:13.056Z"}
{"level":"error","message":"No response from MM API for postEngine id=1234","timestamp":"2025-09-09T19:57:13.072Z"}
{"level":"error","message":"Malformed actionResult from MM API for id=1234","status":"200","timestamp":"2025-09-09T19:57:13.074Z"}
{"level":"error","message":"Unexpected status from MM API for id=1234: UNKNOWN","timestamp":"2025-09-09T19:57:13.075Z"}
{"level":"error","message":"Incomplete vehicle data for id=1234","timestamp":"2025-09-09T20:03:42.562Z"}
{"level":"error","message":"Invalid doors data format from MM API for id=1234","timestamp":"2025-09-09T20:03:42.566Z"}
{"level":"error","message":"No response from MM API for postEngine id=1234","timestamp":"2025-09-09T20:03:42.582Z"}
{"level":"error","message":"Malformed actionResult from MM API for id=1234","status":"200","timestamp":"2025-09-09T20:03:42.583Z"}
{"level":"error","message":"Unexpected status from MM API for id=1234: UNKNOWN","timestamp":"2025-09-09T20:03:42.585Z"}
